1704580795542	geckodriver	INFO	Listening on 127.0.0.1:56591
1704580796057	mozrunner::runner	INFO	Running command: MOZ_CRASHREPORTER="1" MOZ_CRASHREPORTER_NO_REPORT="1" MOZ_CRASHREPORTER_SHUTDOWN="1" MOZ_NO_REMOTE="1" "/App ... s" "localhost" "-foreground" "-no-remote" "-profile" "/var/folders/5w/kcct3jts7dv4rzw327sy8tfw0000gn/T/rust_mozprofilePayOzi"
*** You are running in headless mode.
console.warn: services.settings: Ignoring preference override of remote settings server
console.warn: services.settings: Allow by setting MOZ_REMOTE_SETTINGS_DEVTOOLS=1 in the environment
1704580796352	Marionette	INFO	Marionette enabled
2024-01-06 17:39:56.537 plugin-container[74466:832265] nil host used in call to allowsSpecificHTTPSCertificateForHost
2024-01-06 17:39:56.537 plugin-container[74466:832265] nil host used in call to allowsAnyHTTPSCertificateForHost:
2024-01-06 17:39:56.541 plugin-container[74466:832265] nil host used in call to allowsSpecificHTTPSCertificateForHost
2024-01-06 17:39:56.541 plugin-container[74466:832265] nil host used in call to allowsAnyHTTPSCertificateForHost:
2024-01-06 17:39:56.541 plugin-container[74466:832284] nil host used in call to allowsSpecificHTTPSCertificateForHost
2024-01-06 17:39:56.541 plugin-container[74466:832284] nil host used in call to allowsAnyHTTPSCertificateForHost:
console.error: "Warning: unrecognized command line flag" "-remote-allow-hosts"
1704580796561	Marionette	INFO	Listening on port 56599
WebDriver BiDi listening on ws://127.0.0.1:56592
1704580796754	RemoteAgent	WARN	TLS certificate errors will be ignored for this session
[GFX1-]: RenderCompositorSWGL failed mapping default framebuffer, no dt
DevTools listening on ws://127.0.0.1:56592/devtools/browser/ae9e170a-0e2c-4ce4-aff4-3f4233a84a8b
2024-01-06 22:39:57.602 plugin-container[74470:832446] nil host used in call to allowsSpecificHTTPSCertificateForHost
2024-01-06 22:39:57.602 plugin-container[74470:832446] nil host used in call to allowsAnyHTTPSCertificateForHost:
2024-01-06 22:39:57.605 plugin-container[74470:832446] nil host used in call to allowsSpecificHTTPSCertificateForHost
2024-01-06 22:39:57.605 plugin-container[74470:832446] nil host used in call to allowsAnyHTTPSCertificateForHost:
2024-01-06 22:39:57.605 plugin-container[74470:832445] nil host used in call to allowsSpecificHTTPSCertificateForHost
2024-01-06 22:39:57.605 plugin-container[74470:832445] nil host used in call to allowsAnyHTTPSCertificateForHost:
1704580798762	Marionette	INFO	Stopped listening on port 56599
1704580906619	geckodriver	INFO	Listening on 127.0.0.1:56651
1704580907017	mozrunner::runner	INFO	Running command: MOZ_CRASHREPORTER="1" MOZ_CRASHREPORTER_NO_REPORT="1" MOZ_CRASHREPORTER_SHUTDOWN="1" MOZ_NO_REMOTE="1" "/App ... s" "localhost" "-foreground" "-no-remote" "-profile" "/var/folders/5w/kcct3jts7dv4rzw327sy8tfw0000gn/T/rust_mozprofileCuJoeS"
*** You are running in headless mode.
console.warn: services.settings: Ignoring preference override of remote settings server
console.warn: services.settings: Allow by setting MOZ_REMOTE_SETTINGS_DEVTOOLS=1 in the environment
1704580907296	Marionette	INFO	Marionette enabled
2024-01-06 17:41:47.488 plugin-container[74650:835211] nil host used in call to allowsSpecificHTTPSCertificateForHost
2024-01-06 17:41:47.488 plugin-container[74650:835211] nil host used in call to allowsAnyHTTPSCertificateForHost:
2024-01-06 17:41:47.492 plugin-container[74650:835211] nil host used in call to allowsSpecificHTTPSCertificateForHost
2024-01-06 17:41:47.492 plugin-container[74650:835211] nil host used in call to allowsAnyHTTPSCertificateForHost:
2024-01-06 17:41:47.492 plugin-container[74650:835224] nil host used in call to allowsSpecificHTTPSCertificateForHost
2024-01-06 17:41:47.492 plugin-container[74650:835224] nil host used in call to allowsAnyHTTPSCertificateForHost:
console.error: "Warning: unrecognized command line flag" "-remote-allow-hosts"
1704580907624	Marionette	INFO	Listening on port 56657
WebDriver BiDi listening on ws://127.0.0.1:56652
1704580907754	RemoteAgent	WARN	TLS certificate errors will be ignored for this session
[GFX1-]: RenderCompositorSWGL failed mapping default framebuffer, no dt
DevTools listening on ws://127.0.0.1:56652/devtools/browser/dfecedc2-fae8-44a5-a86d-f9db223f8cc5
2024-01-06 22:41:48.542 plugin-container[74655:835385] nil host used in call to allowsSpecificHTTPSCertificateForHost
2024-01-06 22:41:48.542 plugin-container[74655:835385] nil host used in call to allowsAnyHTTPSCertificateForHost:
2024-01-06 22:41:48.545 plugin-container[74655:835385] nil host used in call to allowsSpecificHTTPSCertificateForHost
2024-01-06 22:41:48.545 plugin-container[74655:835385] nil host used in call to allowsAnyHTTPSCertificateForHost:
2024-01-06 22:41:48.545 plugin-container[74655:835381] nil host used in call to allowsSpecificHTTPSCertificateForHost
2024-01-06 22:41:48.545 plugin-container[74655:835381] nil host used in call to allowsAnyHTTPSCertificateForHost:
1704580909618	Marionette	INFO	Stopped listening on port 56657
1704580980634	geckodriver	INFO	Listening on 127.0.0.1:56714
1704580981056	mozrunner::runner	INFO	Running command: MOZ_CRASHREPORTER="1" MOZ_CRASHREPORTER_NO_REPORT="1" MOZ_CRASHREPORTER_SHUTDOWN="1" MOZ_NO_REMOTE="1" "/App ... s" "localhost" "-foreground" "-no-remote" "-profile" "/var/folders/5w/kcct3jts7dv4rzw327sy8tfw0000gn/T/rust_mozprofilehyMehx"
*** You are running in headless mode.
console.warn: services.settings: Ignoring preference override of remote settings server
console.warn: services.settings: Allow by setting MOZ_REMOTE_SETTINGS_DEVTOOLS=1 in the environment
1704580981342	Marionette	INFO	Marionette enabled
2024-01-06 17:43:01.524 plugin-container[74843:837904] nil host used in call to allowsSpecificHTTPSCertificateForHost
2024-01-06 17:43:01.525 plugin-container[74843:837904] nil host used in call to allowsAnyHTTPSCertificateForHost:
2024-01-06 17:43:01.528 plugin-container[74843:837904] nil host used in call to allowsSpecificHTTPSCertificateForHost
2024-01-06 17:43:01.528 plugin-container[74843:837904] nil host used in call to allowsAnyHTTPSCertificateForHost:
2024-01-06 17:43:01.528 plugin-container[74843:837915] nil host used in call to allowsSpecificHTTPSCertificateForHost
2024-01-06 17:43:01.528 plugin-container[74843:837915] nil host used in call to allowsAnyHTTPSCertificateForHost:
console.error: "Warning: unrecognized command line flag" "-remote-allow-hosts"
1704580981555	Marionette	INFO	Listening on port 56720
WebDriver BiDi listening on ws://127.0.0.1:56715
1704580981798	RemoteAgent	WARN	TLS certificate errors will be ignored for this session
[GFX1-]: RenderCompositorSWGL failed mapping default framebuffer, no dt
DevTools listening on ws://127.0.0.1:56715/devtools/browser/041f477f-6d2d-4dce-9c83-2db356274019
2024-01-06 22:43:02.590 plugin-container[74849:838078] nil host used in call to allowsSpecificHTTPSCertificateForHost
2024-01-06 22:43:02.590 plugin-container[74849:838078] nil host used in call to allowsAnyHTTPSCertificateForHost:
2024-01-06 22:43:02.593 plugin-container[74849:838078] nil host used in call to allowsSpecificHTTPSCertificateForHost
2024-01-06 22:43:02.593 plugin-container[74849:838078] nil host used in call to allowsAnyHTTPSCertificateForHost:
2024-01-06 22:43:02.593 plugin-container[74849:838081] nil host used in call to allowsSpecificHTTPSCertificateForHost
2024-01-06 22:43:02.593 plugin-container[74849:838081] nil host used in call to allowsAnyHTTPSCertificateForHost:
JavaScript warning: https://static.cdninstagram.com/rsrc.php/v3ix8E4/yj/l/en_US/qGs60wT1cVm.js?_nc_x=Ij3Wp8lg5Kz, line 90: WEBGL_debug_renderer_info is deprecated in Firefox and will be removed. Please use RENDERER.
1704581006603	Marionette	INFO	Stopped listening on port 56720
JavaScript warning: https://static.cdninstagram.com/rsrc.php/v3i3xv4/ye/l/en_US/QTnRxjUZvas.js?_nc_x=Ij3Wp8lg5Kz, line 215: Script terminated by timeout at:
a/c.intervalId<@https://static.cdninstagram.com/rsrc.php/v3i3xv4/ye/l/en_US/QTnRxjUZvas.js?_nc_x=Ij3Wp8lg5Kz:215:174

1704581162187	geckodriver	INFO	Listening on 127.0.0.1:56791
1704581162604	mozrunner::runner	INFO	Running command: MOZ_CRASHREPORTER="1" MOZ_CRASHREPORTER_NO_REPORT="1" MOZ_CRASHREPORTER_SHUTDOWN="1" MOZ_NO_REMOTE="1" "/App ... s" "localhost" "-foreground" "-no-remote" "-profile" "/var/folders/5w/kcct3jts7dv4rzw327sy8tfw0000gn/T/rust_mozprofileK4tRYP"
*** You are running in headless mode.
console.warn: services.settings: Ignoring preference override of remote settings server
console.warn: services.settings: Allow by setting MOZ_REMOTE_SETTINGS_DEVTOOLS=1 in the environment
1704581162894	Marionette	INFO	Marionette enabled
2024-01-06 17:46:03.088 plugin-container[75183:842801] nil host used in call to allowsSpecificHTTPSCertificateForHost
2024-01-06 17:46:03.089 plugin-container[75183:842801] nil host used in call to allowsAnyHTTPSCertificateForHost:
2024-01-06 17:46:03.092 plugin-container[75183:842801] nil host used in call to allowsSpecificHTTPSCertificateForHost
2024-01-06 17:46:03.092 plugin-container[75183:842801] nil host used in call to allowsAnyHTTPSCertificateForHost:
2024-01-06 17:46:03.092 plugin-container[75183:842812] nil host used in call to allowsSpecificHTTPSCertificateForHost
2024-01-06 17:46:03.092 plugin-container[75183:842812] nil host used in call to allowsAnyHTTPSCertificateForHost:
console.error: "Warning: unrecognized command line flag" "-remote-allow-hosts"
1704581163121	Marionette	INFO	Listening on port 56797
WebDriver BiDi listening on ws://127.0.0.1:56792
1704581163302	RemoteAgent	WARN	TLS certificate errors will be ignored for this session
[GFX1-]: RenderCompositorSWGL failed mapping default framebuffer, no dt
DevTools listening on ws://127.0.0.1:56792/devtools/browser/987ae273-e177-4915-8ce7-bdb9aefdff08
2024-01-06 22:46:04.137 plugin-container[75187:842966] nil host used in call to allowsSpecificHTTPSCertificateForHost
2024-01-06 22:46:04.137 plugin-container[75187:842966] nil host used in call to allowsAnyHTTPSCertificateForHost:
2024-01-06 22:46:04.140 plugin-container[75187:842966] nil host used in call to allowsSpecificHTTPSCertificateForHost
2024-01-06 22:46:04.140 plugin-container[75187:842966] nil host used in call to allowsAnyHTTPSCertificateForHost:
2024-01-06 22:46:04.140 plugin-container[75187:842969] nil host used in call to allowsSpecificHTTPSCertificateForHost
2024-01-06 22:46:04.140 plugin-container[75187:842969] nil host used in call to allowsAnyHTTPSCertificateForHost:
JavaScript warning: https://static.cdninstagram.com/rsrc.php/v3ix8E4/yj/l/en_US/qGs60wT1cVm.js?_nc_x=Ij3Wp8lg5Kz, line 90: WEBGL_debug_renderer_info is deprecated in Firefox and will be removed. Please use RENDERER.
1704581188402	Marionette	INFO	Stopped listening on port 56797
JavaScript warning: https://static.cdninstagram.com/rsrc.php/v3i3xv4/ye/l/en_US/QTnRxjUZvas.js?_nc_x=Ij3Wp8lg5Kz, line 215: Script terminated by timeout at:
a/c.intervalId<@https://static.cdninstagram.com/rsrc.php/v3i3xv4/ye/l/en_US/QTnRxjUZvas.js?_nc_x=Ij3Wp8lg5Kz:215:174

1704584168519	geckodriver	INFO	Listening on 127.0.0.1:56971
1704584168932	mozrunner::runner	INFO	Running command: MOZ_CRASHREPORTER="1" MOZ_CRASHREPORTER_NO_REPORT="1" MOZ_CRASHREPORTER_SHUTDOWN="1" MOZ_NO_REMOTE="1" "/App ... s" "localhost" "-foreground" "-no-remote" "-profile" "/var/folders/5w/kcct3jts7dv4rzw327sy8tfw0000gn/T/rust_mozprofileLmrZH0"
*** You are running in headless mode.
console.warn: services.settings: Ignoring preference override of remote settings server
console.warn: services.settings: Allow by setting MOZ_REMOTE_SETTINGS_DEVTOOLS=1 in the environment
1704584169231	Marionette	INFO	Marionette enabled
2024-01-06 18:36:09.431 plugin-container[77000:883454] nil host used in call to allowsSpecificHTTPSCertificateForHost
2024-01-06 18:36:09.431 plugin-container[77000:883454] nil host used in call to allowsAnyHTTPSCertificateForHost:
2024-01-06 18:36:09.438 plugin-container[77000:883454] nil host used in call to allowsSpecificHTTPSCertificateForHost
2024-01-06 18:36:09.438 plugin-container[77000:883454] nil host used in call to allowsAnyHTTPSCertificateForHost:
2024-01-06 18:36:09.438 plugin-container[77000:883450] nil host used in call to allowsSpecificHTTPSCertificateForHost
2024-01-06 18:36:09.438 plugin-container[77000:883450] nil host used in call to allowsAnyHTTPSCertificateForHost:
console.error: "Warning: unrecognized command line flag" "-remote-allow-hosts"
1704584169465	Marionette	INFO	Listening on port 56977
WebDriver BiDi listening on ws://127.0.0.1:56972
1704584169652	RemoteAgent	WARN	TLS certificate errors will be ignored for this session
[GFX1-]: RenderCompositorSWGL failed mapping default framebuffer, no dt
DevTools listening on ws://127.0.0.1:56972/devtools/browser/58739548-e1dc-472a-816c-e84b5cf0f1d5
2024-01-06 23:36:10.636 plugin-container[77004:883626] nil host used in call to allowsSpecificHTTPSCertificateForHost
2024-01-06 23:36:10.636 plugin-container[77004:883626] nil host used in call to allowsAnyHTTPSCertificateForHost:
2024-01-06 23:36:10.639 plugin-container[77004:883626] nil host used in call to allowsSpecificHTTPSCertificateForHost
2024-01-06 23:36:10.639 plugin-container[77004:883626] nil host used in call to allowsAnyHTTPSCertificateForHost:
2024-01-06 23:36:10.640 plugin-container[77004:883629] nil host used in call to allowsSpecificHTTPSCertificateForHost
2024-01-06 23:36:10.640 plugin-container[77004:883629] nil host used in call to allowsAnyHTTPSCertificateForHost:
JavaScript warning: https://static.cdninstagram.com/rsrc.php/v3ix8E4/yj/l/en_US/qGs60wT1cVm.js?_nc_x=Ij3Wp8lg5Kz, line 90: WEBGL_debug_renderer_info is deprecated in Firefox and will be removed. Please use RENDERER.
1704584199252	addons.xpi	ERROR	System addon update list error SyntaxError: XMLHttpRequest.open: 'http://%(server)s/dummy-system-addons.xml' is not a valid URL.
console.log: "RemoteSettingsWorker error: DataError: IndexedDB: records, timestamps execute() Data provided to an operation does not meet requirements."
console.error: (new RemoteSettingsWorkerError("DataError: IndexedDB: records, timestamps execute() Data provided to an operation does not meet requirements.", "resource://services-settings/RemoteSettingsWorker.sys.mjs", 34))
1704584473918	geckodriver	INFO	Listening on 127.0.0.1:57079
1704584474326	mozrunner::runner	INFO	Running command: MOZ_CRASHREPORTER="1" MOZ_CRASHREPORTER_NO_REPORT="1" MOZ_CRASHREPORTER_SHUTDOWN="1" MOZ_NO_REMOTE="1" "/App ... s" "localhost" "-foreground" "-no-remote" "-profile" "/var/folders/5w/kcct3jts7dv4rzw327sy8tfw0000gn/T/rust_mozprofileuSUJnp"
*** You are running in headless mode.
console.warn: services.settings: Ignoring preference override of remote settings server
console.warn: services.settings: Allow by setting MOZ_REMOTE_SETTINGS_DEVTOOLS=1 in the environment
1704584474625	Marionette	INFO	Marionette enabled
2024-01-06 18:41:14.824 plugin-container[77504:895227] nil host used in call to allowsSpecificHTTPSCertificateForHost
2024-01-06 18:41:14.824 plugin-container[77504:895227] nil host used in call to allowsAnyHTTPSCertificateForHost:
2024-01-06 18:41:14.828 plugin-container[77504:895227] nil host used in call to allowsSpecificHTTPSCertificateForHost
2024-01-06 18:41:14.828 plugin-container[77504:895227] nil host used in call to allowsAnyHTTPSCertificateForHost:
2024-01-06 18:41:14.828 plugin-container[77504:895236] nil host used in call to allowsSpecificHTTPSCertificateForHost
2024-01-06 18:41:14.828 plugin-container[77504:895236] nil host used in call to allowsAnyHTTPSCertificateForHost:
console.error: "Warning: unrecognized command line flag" "-remote-allow-hosts"
1704584474849	Marionette	INFO	Listening on port 57085
WebDriver BiDi listening on ws://127.0.0.1:57080
1704584475029	RemoteAgent	WARN	TLS certificate errors will be ignored for this session
[GFX1-]: RenderCompositorSWGL failed mapping default framebuffer, no dt
DevTools listening on ws://127.0.0.1:57080/devtools/browser/63ccdf88-08b1-423a-a763-b157486aab7f
2024-01-06 23:41:15.883 plugin-container[77508:895423] nil host used in call to allowsSpecificHTTPSCertificateForHost
2024-01-06 23:41:15.883 plugin-container[77508:895423] nil host used in call to allowsAnyHTTPSCertificateForHost:
2024-01-06 23:41:15.886 plugin-container[77508:895423] nil host used in call to allowsSpecificHTTPSCertificateForHost
2024-01-06 23:41:15.886 plugin-container[77508:895423] nil host used in call to allowsAnyHTTPSCertificateForHost:
2024-01-06 23:41:15.886 plugin-container[77508:895421] nil host used in call to allowsSpecificHTTPSCertificateForHost
2024-01-06 23:41:15.886 plugin-container[77508:895421] nil host used in call to allowsAnyHTTPSCertificateForHost:
JavaScript warning: https://static.cdninstagram.com/rsrc.php/v3ix8E4/yj/l/en_US/qGs60wT1cVm.js?_nc_x=Ij3Wp8lg5Kz, line 90: WEBGL_debug_renderer_info is deprecated in Firefox and will be removed. Please use RENDERER.
1704584504644	addons.xpi	ERROR	System addon update list error SyntaxError: XMLHttpRequest.open: 'http://%(server)s/dummy-system-addons.xml' is not a valid URL.
console.log: "RemoteSettingsWorker error: DataError: IndexedDB: records, timestamps execute() Data provided to an operation does not meet requirements."
console.error: (new RemoteSettingsWorkerError("DataError: IndexedDB: records, timestamps execute() Data provided to an operation does not meet requirements.", "resource://services-settings/RemoteSettingsWorker.sys.mjs", 34))
1704584552908	geckodriver	INFO	Listening on 127.0.0.1:57170
1704584553324	mozrunner::runner	INFO	Running command: MOZ_CRASHREPORTER="1" MOZ_CRASHREPORTER_NO_REPORT="1" MOZ_CRASHREPORTER_SHUTDOWN="1" MOZ_NO_REMOTE="1" "/App ... s" "localhost" "-foreground" "-no-remote" "-profile" "/var/folders/5w/kcct3jts7dv4rzw327sy8tfw0000gn/T/rust_mozprofileJUWj3V"
*** You are running in headless mode.
console.warn: services.settings: Ignoring preference override of remote settings server
console.warn: services.settings: Allow by setting MOZ_REMOTE_SETTINGS_DEVTOOLS=1 in the environment
1704584553623	Marionette	INFO	Marionette enabled
2024-01-06 18:42:33.837 plugin-container[77647:898126] nil host used in call to allowsSpecificHTTPSCertificateForHost
2024-01-06 18:42:33.838 plugin-container[77647:898126] nil host used in call to allowsAnyHTTPSCertificateForHost:
2024-01-06 18:42:33.841 plugin-container[77647:898126] nil host used in call to allowsSpecificHTTPSCertificateForHost
2024-01-06 18:42:33.841 plugin-container[77647:898126] nil host used in call to allowsAnyHTTPSCertificateForHost:
2024-01-06 18:42:33.841 plugin-container[77647:898132] nil host used in call to allowsSpecificHTTPSCertificateForHost
2024-01-06 18:42:33.841 plugin-container[77647:898132] nil host used in call to allowsAnyHTTPSCertificateForHost:
console.error: "Warning: unrecognized command line flag" "-remote-allow-hosts"
1704584553868	Marionette	INFO	Listening on port 57177
WebDriver BiDi listening on ws://127.0.0.1:57171
1704584554103	RemoteAgent	WARN	TLS certificate errors will be ignored for this session
[GFX1-]: RenderCompositorSWGL failed mapping default framebuffer, no dt
DevTools listening on ws://127.0.0.1:57171/devtools/browser/d29ebd01-a4c2-40d0-b41c-d602099fc0d4
2024-01-06 23:42:34.912 plugin-container[77651:898291] nil host used in call to allowsSpecificHTTPSCertificateForHost
2024-01-06 23:42:34.912 plugin-container[77651:898291] nil host used in call to allowsAnyHTTPSCertificateForHost:
2024-01-06 23:42:34.915 plugin-container[77651:898291] nil host used in call to allowsSpecificHTTPSCertificateForHost
2024-01-06 23:42:34.915 plugin-container[77651:898291] nil host used in call to allowsAnyHTTPSCertificateForHost:
2024-01-06 23:42:34.915 plugin-container[77651:898293] nil host used in call to allowsSpecificHTTPSCertificateForHost
2024-01-06 23:42:34.915 plugin-container[77651:898293] nil host used in call to allowsAnyHTTPSCertificateForHost:
JavaScript warning: https://static.cdninstagram.com/rsrc.php/v3ix8E4/yj/l/en_US/qGs60wT1cVm.js?_nc_x=Ij3Wp8lg5Kz, line 90: WEBGL_debug_renderer_info is deprecated in Firefox and will be removed. Please use RENDERER.
1704584583642	addons.xpi	ERROR	System addon update list error SyntaxError: XMLHttpRequest.open: 'http://%(server)s/dummy-system-addons.xml' is not a valid URL.
console.log: "RemoteSettingsWorker error: DataError: IndexedDB: records, timestamps execute() Data provided to an operation does not meet requirements."
console.error: (new RemoteSettingsWorkerError("DataError: IndexedDB: records, timestamps execute() Data provided to an operation does not meet requirements.", "resource://services-settings/RemoteSettingsWorker.sys.mjs", 34))
